This job can be monitored from: https://job.c3se.chalmers.se/alvis/5379390
Hardcoded folds 0.
Using device: cuda
Last block has number of input channels: 64
Last block has number of output channels: 16
Warning: No matching image tensors found for sub-OAS30042 in session(s). Skipping.
Warning: No matching image tensors found for sub-OAS30137 in session(s). Skipping.
Warning: No matching image tensors found for sub-OAS30137 in session(s). Skipping.
Warning: No matching image tensors found for sub-OAS30137 in session(s). Skipping.
Warning: No matching image tensors found for sub-OAS30137 in session(s). Skipping.
Warning: No matching image tensors found for sub-OAS30643 in session(s). Skipping.
Warning: No matching image tensors found for sub-OAS30643 in session(s). Skipping.
Warning: No matching image tensors found for sub-OAS30643 in session(s). Skipping.
Warning: No matching image tensors found for sub-OAS30643 in session(s). Skipping.
Warning: No matching image tensors found for sub-OAS30659 in session(s). Skipping.
Warning: No matching image tensors found for sub-OAS30659 in session(s). Skipping.
Warning: No matching image tensors found for sub-OAS30659 in session(s). Skipping.
Loaded 1588 image pairs.
Loaded 1588 rows of metadata.
Loaded 1588 targets.
Warning: No matching image tensors found for sub-OAS30369 in session(s). Skipping.
Warning: No matching image tensors found for sub-OAS30369 in session(s). Skipping.
Warning: No matching image tensors found for sub-OAS30369 in session(s). Skipping.
Warning: No matching image tensors found for sub-OAS30369 in session(s). Skipping.
Warning: No matching image tensors found for sub-OAS30369 in session(s). Skipping.
Warning: No matching image tensors found for sub-OAS30797 in session(s). Skipping.
Warning: No matching image tensors found for sub-OAS30797 in session(s). Skipping.
Warning: No matching image tensors found for sub-OAS30797 in session(s). Skipping.
Loaded 451 image pairs.
Loaded 451 rows of metadata.
Loaded 451 targets.
Warning: No matching image tensors found for sub-OAS30042 in session(s). Skipping.
Warning: No matching image tensors found for sub-OAS30137 in session(s). Skipping.
Warning: No matching image tensors found for sub-OAS30137 in session(s). Skipping.
Warning: No matching image tensors found for sub-OAS30137 in session(s). Skipping.
Warning: No matching image tensors found for sub-OAS30137 in session(s). Skipping.
Warning: No matching image tensors found for sub-OAS30643 in session(s). Skipping.
Warning: No matching image tensors found for sub-OAS30643 in session(s). Skipping.
Warning: No matching image tensors found for sub-OAS30643 in session(s). Skipping.
Warning: No matching image tensors found for sub-OAS30643 in session(s). Skipping.
Warning: No matching image tensors found for sub-OAS30659 in session(s). Skipping.
Warning: No matching image tensors found for sub-OAS30659 in session(s). Skipping.
Warning: No matching image tensors found for sub-OAS30659 in session(s). Skipping.
Loaded 1588 image pairs.
Loaded 1588 rows of metadata.
Loaded 1588 targets.
Epoch:  0
Effective Epoch here: 0.54
Total Effective Epochs so far: 0.54
Avg Train Loss/MAE = 7.7310 / 2.1160. Weights were updated.
Avg Val Loss/MAE = 5.1480 / 1.7997
Epoch:  1
Effective Epoch here: 0.41
Total Effective Epochs so far: 0.94
Avg Train Loss/MAE = 3.8917 / 1.5246. Weights were updated.
Avg Val Loss/MAE = 3.5545 / 1.4393
Epoch:  2
Effective Epoch here: 0.39
Total Effective Epochs so far: 1.33
Avg Train Loss/MAE = 3.4045 / 1.4614. Weights were updated.
Avg Val Loss/MAE = 4.7995 / 1.7362
Epoch:  3
Effective Epoch here: 0.34
Total Effective Epochs so far: 1.68
Avg Train Loss/MAE = 2.7578 / 1.2855. Weights were updated.
Avg Val Loss/MAE = 3.2649 / 1.3942
Epoch:  4
Effective Epoch here: 0.31
Total Effective Epochs so far: 1.99
Avg Train Loss/MAE = 2.7451 / 1.2250. Weights were updated.
Avg Val Loss/MAE = 3.2945 / 1.3837
Epoch:  5
Effective Epoch here: 0.33
Total Effective Epochs so far: 2.32
Avg Train Loss/MAE = 2.6969 / 1.2803. Weights were updated.
Avg Val Loss/MAE = 3.9166 / 1.5370
Epoch:  6
Effective Epoch here: 0.32
Total Effective Epochs so far: 2.64
Avg Train Loss/MAE = 2.4537 / 1.2345. Weights were updated.
Avg Val Loss/MAE = 3.5613 / 1.4760
Epoch:  7
Effective Epoch here: 0.29
Total Effective Epochs so far: 2.93
Avg Train Loss/MAE = 2.4765 / 1.1381. Weights were updated.
Avg Val Loss/MAE = 3.3861 / 1.4352
Epoch:  8
Effective Epoch here: 0.27
Total Effective Epochs so far: 3.20
Avg Train Loss/MAE = 2.1352 / 1.1417. Weights were updated.
Avg Val Loss/MAE = 2.6422 / 1.2505
Epoch:  9
Effective Epoch here: 0.24
Total Effective Epochs so far: 3.44
Avg Train Loss/MAE = 2.0130 / 1.0512. Weights were updated.
Avg Val Loss/MAE = 3.0855 / 1.3563
Epoch:  10
Effective Epoch here: 0.26
Total Effective Epochs so far: 3.70
Avg Train Loss/MAE = 1.8313 / 1.0856. Weights were updated.
Avg Val Loss/MAE = 3.0876 / 1.3632
Epoch:  11
Effective Epoch here: 0.23
Total Effective Epochs so far: 3.93
Avg Train Loss/MAE = 1.7164 / 1.0320. Weights were updated.
Avg Val Loss/MAE = 4.0376 / 1.5830
Epoch:  12
Effective Epoch here: 0.23
Total Effective Epochs so far: 4.17
Avg Train Loss/MAE = 1.7838 / 0.9959. Weights were updated.
Avg Val Loss/MAE = 2.6683 / 1.2575
Epoch:  13
Effective Epoch here: 0.24
Total Effective Epochs so far: 4.41
Avg Train Loss/MAE = 1.8329 / 1.0312. Weights were updated.
Avg Val Loss/MAE = 2.8255 / 1.3007
Epoch:  14
Effective Epoch here: 0.25
Total Effective Epochs so far: 4.66
Avg Train Loss/MAE = 1.7320 / 1.0363. Weights were updated.
Avg Val Loss/MAE = 3.0320 / 1.3360
Epoch:  15
Effective Epoch here: 0.22
Total Effective Epochs so far: 4.89
Avg Train Loss/MAE = 1.6276 / 0.9967. Weights were updated.
Avg Val Loss/MAE = 3.1676 / 1.3736
Epoch:  16
Effective Epoch here: 0.20
Total Effective Epochs so far: 5.09
Avg Train Loss/MAE = 1.3689 / 0.9084. Weights were updated.
Avg Val Loss/MAE = 3.2274 / 1.3746
Epoch:  17
Effective Epoch here: 0.21
Total Effective Epochs so far: 5.29
Avg Train Loss/MAE = 1.5210 / 0.9498. Weights were updated.
Avg Val Loss/MAE = 2.8139 / 1.2740
Epoch:  18
Effective Epoch here: 0.20
Total Effective Epochs so far: 5.49
Avg Train Loss/MAE = 1.4752 / 0.9129. Weights were updated.
Avg Val Loss/MAE = 2.3145 / 1.1595
Epoch:  19
Effective Epoch here: 1.00
Total Effective Epochs so far: 6.49
Avg Train Loss/MAE = 1.3101 / 0.8893. Weights were updated.
Avg Val Loss/MAE = 2.4252 / 1.1725
Loss plot saved to: /mimer/NOBACKUP/groups/brainage/thesis_brainage/results/sm15_pdd/loss_plot.png
MAE plot saved to: /mimer/NOBACKUP/groups/brainage/thesis_brainage/results/sm15_pdd/mae_plot.png
EE plot saved to: /mimer/NOBACKUP/groups/brainage/thesis_brainage/results/sm15_pdd/ee_plot.png
