This job can be monitored from: https://job.c3se.chalmers.se/alvis/5379033
Hardcoded folds 0.
Using device: cuda
Last block has number of input channels: 64
Last block has number of output channels: 16
Warning: No matching image tensors found for sub-OAS30042 in session(s). Skipping.
Warning: No matching image tensors found for sub-OAS30137 in session(s). Skipping.
Warning: No matching image tensors found for sub-OAS30137 in session(s). Skipping.
Warning: No matching image tensors found for sub-OAS30137 in session(s). Skipping.
Warning: No matching image tensors found for sub-OAS30137 in session(s). Skipping.
Warning: No matching image tensors found for sub-OAS30643 in session(s). Skipping.
Warning: No matching image tensors found for sub-OAS30643 in session(s). Skipping.
Warning: No matching image tensors found for sub-OAS30643 in session(s). Skipping.
Warning: No matching image tensors found for sub-OAS30643 in session(s). Skipping.
Warning: No matching image tensors found for sub-OAS30659 in session(s). Skipping.
Warning: No matching image tensors found for sub-OAS30659 in session(s). Skipping.
Warning: No matching image tensors found for sub-OAS30659 in session(s). Skipping.
Loaded 1588 image pairs.
Loaded 1588 rows of metadata.
Loaded 1588 targets.
Warning: No matching image tensors found for sub-OAS30369 in session(s). Skipping.
Warning: No matching image tensors found for sub-OAS30369 in session(s). Skipping.
Warning: No matching image tensors found for sub-OAS30369 in session(s). Skipping.
Warning: No matching image tensors found for sub-OAS30369 in session(s). Skipping.
Warning: No matching image tensors found for sub-OAS30369 in session(s). Skipping.
Warning: No matching image tensors found for sub-OAS30797 in session(s). Skipping.
Warning: No matching image tensors found for sub-OAS30797 in session(s). Skipping.
Warning: No matching image tensors found for sub-OAS30797 in session(s). Skipping.
Loaded 451 image pairs.
Loaded 451 rows of metadata.
Loaded 451 targets.
Warning: No matching image tensors found for sub-OAS30042 in session(s). Skipping.
Warning: No matching image tensors found for sub-OAS30137 in session(s). Skipping.
Warning: No matching image tensors found for sub-OAS30137 in session(s). Skipping.
Warning: No matching image tensors found for sub-OAS30137 in session(s). Skipping.
Warning: No matching image tensors found for sub-OAS30137 in session(s). Skipping.
Warning: No matching image tensors found for sub-OAS30643 in session(s). Skipping.
Warning: No matching image tensors found for sub-OAS30643 in session(s). Skipping.
Warning: No matching image tensors found for sub-OAS30643 in session(s). Skipping.
Warning: No matching image tensors found for sub-OAS30643 in session(s). Skipping.
Warning: No matching image tensors found for sub-OAS30659 in session(s). Skipping.
Warning: No matching image tensors found for sub-OAS30659 in session(s). Skipping.
Warning: No matching image tensors found for sub-OAS30659 in session(s). Skipping.
Loaded 1588 image pairs.
Loaded 1588 rows of metadata.
Loaded 1588 targets.
Epoch:  0
Effective Epoch here: 1.00
Total Effective Epochs so far: 1.00
Avg Train Loss/MAE = 7.6941 / 2.1050. Weights were updated.
Avg Val Loss/MAE = 6.2377 / 2.0319
Epoch:  1
Effective Epoch here: 0.85
Total Effective Epochs so far: 1.85
Avg Train Loss/MAE = 3.7235 / 1.5026. Weights were updated.
Avg Val Loss/MAE = 7.7023 / 2.2688
Epoch:  2
Effective Epoch here: 0.70
Total Effective Epochs so far: 2.55
Avg Train Loss/MAE = 3.2096 / 1.3965. Weights were updated.
Avg Val Loss/MAE = 5.0808 / 1.8088
Epoch:  3
Effective Epoch here: 0.61
Total Effective Epochs so far: 3.16
Avg Train Loss/MAE = 2.8202 / 1.2852. Weights were updated.
Avg Val Loss/MAE = 4.1232 / 1.5983
Epoch:  4
Effective Epoch here: 0.52
Total Effective Epochs so far: 3.68
Avg Train Loss/MAE = 2.5622 / 1.2454. Weights were updated.
Avg Val Loss/MAE = 5.2096 / 1.8320
Epoch:  5
Effective Epoch here: 0.43
Total Effective Epochs so far: 4.11
Avg Train Loss/MAE = 2.6416 / 1.2393. Weights were updated.
Avg Val Loss/MAE = 3.7625 / 1.5236
Epoch:  6
Effective Epoch here: 0.38
Total Effective Epochs so far: 4.48
Avg Train Loss/MAE = 2.4753 / 1.2012. Weights were updated.
Avg Val Loss/MAE = 3.2957 / 1.4298
Epoch:  7
Effective Epoch here: 0.33
Total Effective Epochs so far: 4.81
Avg Train Loss/MAE = 2.2438 / 1.1748. Weights were updated.
Avg Val Loss/MAE = 3.7087 / 1.5205
Epoch:  8
Effective Epoch here: 0.28
Total Effective Epochs so far: 5.09
Avg Train Loss/MAE = 2.2636 / 1.1626. Weights were updated.
Avg Val Loss/MAE = 2.7322 / 1.2598
Epoch:  9
Effective Epoch here: 0.26
Total Effective Epochs so far: 5.35
Avg Train Loss/MAE = 2.0910 / 1.1254. Weights were updated.
Avg Val Loss/MAE = 3.2248 / 1.3795
Epoch:  10
Effective Epoch here: 0.20
Total Effective Epochs so far: 5.55
Avg Train Loss/MAE = 2.0490 / 1.0999. Weights were updated.
Avg Val Loss/MAE = 3.2491 / 1.3965
Epoch:  11
Effective Epoch here: 0.17
Total Effective Epochs so far: 5.72
Avg Train Loss/MAE = 2.1571 / 1.1221. Weights were updated.
Avg Val Loss/MAE = 3.2309 / 1.3978
Epoch:  12
Effective Epoch here: 0.14
Total Effective Epochs so far: 5.86
Avg Train Loss/MAE = 2.6179 / 1.2352. Weights were updated.
Avg Val Loss/MAE = 3.1894 / 1.3971
Epoch:  13
Effective Epoch here: 0.12
Total Effective Epochs so far: 5.98
Avg Train Loss/MAE = 1.8547 / 1.1030. Weights were updated.
Avg Val Loss/MAE = 3.2139 / 1.4005
Epoch:  14
Effective Epoch here: 0.12
Total Effective Epochs so far: 6.10
Avg Train Loss/MAE = 1.8616 / 1.1366. Weights were updated.
Avg Val Loss/MAE = 2.8581 / 1.3162
Epoch:  15
Effective Epoch here: 0.11
Total Effective Epochs so far: 6.21
Avg Train Loss/MAE = 2.3122 / 1.0871. Weights were updated.
Avg Val Loss/MAE = 2.8090 / 1.3177
Epoch:  16
Effective Epoch here: 0.10
Total Effective Epochs so far: 6.30
Avg Train Loss/MAE = 2.2524 / 1.0302. Weights were updated.
Avg Val Loss/MAE = 2.5747 / 1.2729
Epoch:  17
Effective Epoch here: 0.10
Total Effective Epochs so far: 6.40
Avg Train Loss/MAE = 2.2688 / 1.0522. Weights were updated.
Avg Val Loss/MAE = 2.7395 / 1.2822
Epoch:  18
Effective Epoch here: 0.09
Total Effective Epochs so far: 6.49
Avg Train Loss/MAE = 1.8511 / 1.0440. Weights were updated.
Avg Val Loss/MAE = 2.6323 / 1.2818
Epoch:  19
Effective Epoch here: 1.00
Total Effective Epochs so far: 7.49
Avg Train Loss/MAE = 1.5373 / 0.9614. Weights were updated.
Avg Val Loss/MAE = 2.3838 / 1.2079
Loss plot saved to: /mimer/NOBACKUP/groups/brainage/thesis_brainage/results/random085_pdd/loss_plot.png
MAE plot saved to: /mimer/NOBACKUP/groups/brainage/thesis_brainage/results/random085_pdd/mae_plot.png
EE plot saved to: /mimer/NOBACKUP/groups/brainage/thesis_brainage/results/random085_pdd/ee_plot.png
