This job can be monitored from: https://job.c3se.chalmers.se/alvis/4680713
making attention of type 'vanilla' with 512 in_channels
Working with z of shape (1, 1, 64, 64) = 4096 dimensions.
making attention of type 'vanilla' with 512 in_channels
Restored from /cephyr/users/manuelw/Alvis/.cache/huggingface/hub/models--stanfordmimi--MedVAE/snapshots/8040c5ccb7a51eff6b4cef513c7f20bd1bda983d/model_weights/vae_8x_1c_3D.ckpt with 0 missing and 0 unexpected keys
sub-OAS30001
ses-d0129
sub-OAS30001
ses-d0757
sub-OAS30001
ses-d2430
sub-OAS30001
ses-d3132
sub-OAS30001
ses-d3746
sub-OAS30001
ses-d4467
sub-OAS30002
ses-d0653
sub-OAS30002
ses-d1680
sub-OAS30002
ses-d2340
sub-OAS30002
ses-d2345
sub-OAS30003
ses-d0558
sub-OAS30003
ses-d1631
sub-OAS30003
ses-d2669
sub-OAS30003
ses-d2682
sub-OAS30003
ses-d3320
sub-OAS30003
ses-d3731
sub-OAS30003
ses-d4954
sub-OAS30004
ses-d1101
sub-OAS30004
ses-d2229
sub-OAS30004
ses-d2232
sub-OAS30004
ses-d3457
sub-OAS30004
ses-d4700
sub-OAS30005
ses-d0581
sub-OAS30005
ses-d1274
sub-OAS30005
ses-d2377
sub-OAS30005
ses-d2384
sub-OAS30005
ses-d3453
sub-OAS30005
ses-d4620
sub-OAS30006
ses-d0373
sub-OAS30006
ses-d1308
sub-OAS30006
ses-d2341
sub-OAS30006
ses-d2342
sub-OAS30006
ses-d3386
sub-OAS30006
ses-d4440
sub-OAS30008
ses-d0061
sub-OAS30008
ses-d1313
sub-OAS30008
ses-d1327
sub-OAS30008
ses-d2035
sub-OAS30008
ses-d3363
sub-OAS30009
ses-d0148
sub-OAS30009
ses-d1210
sub-OAS30009
ses-d2457
sub-OAS30009
ses-d3534
sub-OAS30010
ses-d0068
sub-OAS30010
ses-d1514
sub-OAS30010
ses-d1515
sub-OAS30011
ses-d0055
sub-OAS30011
ses-d1671
sub-OAS30014
ses-d0196
sub-OAS30014
ses-d1176
sub-OAS30015
ses-d0116
sub-OAS30015
ses-d0788
sub-OAS30015
ses-d1374
sub-OAS30015
ses-d2004
sub-OAS30018
ses-d0070
sub-OAS30018
ses-d0893
sub-OAS30025
ses-d0210
sub-OAS30025
ses-d2298
sub-OAS30026
ses-d0048
sub-OAS30026
ses-d0129
sub-OAS30026
ses-d0696
sub-OAS30028
ses-d0043
sub-OAS30028
ses-d1260
sub-OAS30028
ses-d1847
sub-OAS30032
ses-d1661
sub-OAS30032
ses-d3499
sub-OAS30033
ses-d0133
sub-OAS30033
ses-d1267
sub-OAS30036
ses-d0059
sub-OAS30036
ses-d1199
sub-OAS30037
ses-d0154
sub-OAS30037
ses-d1307
sub-OAS30037
ses-d2310
sub-OAS30038
ses-d2242
sub-OAS30038
ses-d3376
sub-OAS30038
ses-d4495
sub-OAS30038
ses-d5769
sub-OAS30038
ses-d5770
sub-OAS30039
ses-d0103
sub-OAS30039
ses-d1203
sub-OAS30044
ses-d0054
sub-OAS30044
ses-d0061
sub-OAS30044
ses-d1319
sub-OAS30046
ses-d0072
sub-OAS30046
ses-d0848
sub-OAS30046
ses-d1968
sub-OAS30048
ses-d2292
sub-OAS30048
ses-d3367
sub-OAS30048
ses-d3375
sub-OAS30048
ses-d3731
sub-OAS30048
ses-d4459
sub-OAS30048
ses-d5643
sub-OAS30049
ses-d0013
sub-OAS30049
ses-d1633
sub-OAS30049
ses-d2933
sub-OAS30050
ses-d0110
sub-OAS30050
ses-d1530
sub-OAS30052
ses-d0693
sub-OAS30052
ses-d1296
sub-OAS30052
ses-d2709
sub-OAS30052
ses-d2737
sub-OAS30052
ses-d4235
sub-OAS30062
ses-d1134
sub-OAS30062
ses-d1745
sub-OAS30062
ses-d3432
sub-OAS30062
ses-d3469
sub-OAS30062
ses-d4097
sub-OAS30062
ses-d4447
sub-OAS30065
ses-d0548
sub-OAS30065
ses-d2009
sub-OAS30066
ses-d0524
sub-OAS30066
ses-d2006
sub-OAS30066
ses-d2740
sub-OAS30071
ses-d0018
sub-OAS30071
ses-d0055
sub-OAS30071
ses-d1627
sub-OAS30073
ses-d1587
sub-OAS30073
ses-d2042
sub-OAS30073
ses-d2851
sub-OAS30073
ses-d3670
sub-OAS30073
ses-d4456
sub-OAS30074
ses-d0049
sub-OAS30074
ses-d1871
sub-OAS30074
ses-d2812
sub-OAS30075
ses-d0143
sub-OAS30075
ses-d0148
sub-OAS30075
ses-d0442
sub-OAS30075
ses-d0967
sub-OAS30079
ses-d0019
sub-OAS30079
ses-d1833
sub-OAS30079
ses-d2668
sub-OAS30079
ses-d3410
sub-OAS30079
ses-d4523
sub-OAS30080
ses-d0048
sub-OAS30080
ses-d1318
sub-OAS30080
ses-d2281
sub-OAS30083
ses-d0465
sub-OAS30083
ses-d2882
sub-OAS30083
ses-d3827
sub-OAS30084
ses-d0470
sub-OAS30084
ses-d1360
sub-OAS30090
ses-d0118
sub-OAS30090
ses-d1294
sub-OAS30090
ses-d2676
sub-OAS30093
ses-d0056
sub-OAS30093
ses-d0070
sub-OAS30093
ses-d1192
sub-OAS30096
ses-d0024
sub-OAS30096
ses-d2948
sub-OAS30097
ses-d0504
sub-OAS30097
ses-d2551
sub-OAS30097
ses-d3787
sub-OAS30097
ses-d3788
sub-OAS30099
ses-d0032
sub-OAS30099
ses-d1605
sub-OAS30101
ses-d0101
sub-OAS30101
ses-d0919
sub-OAS30101
ses-d2650
sub-OAS30102
ses-d0024
sub-OAS30102
ses-d1505
sub-OAS30103
ses-d4255
sub-OAS30103
ses-d7334
sub-OAS30105
ses-d0056
sub-OAS30105
ses-d1228
sub-OAS30107
ses-d0387
sub-OAS30107
ses-d0940
sub-OAS30107
ses-d2765
sub-OAS30108
ses-d0168
sub-OAS30108
ses-d1062
sub-OAS30108
ses-d2066
sub-OAS30109
ses-d0432
sub-OAS30109
ses-d0997
sub-OAS30109
ses-d2310
sub-OAS30109
ses-d2320
sub-OAS30109
ses-d4518
sub-OAS30112
ses-d0091
sub-OAS30112
ses-d0098
sub-OAS30112
ses-d0259
sub-OAS30112
ses-d1196
sub-OAS30113
ses-d1301
sub-OAS30113
ses-d2280
sub-OAS30113
ses-d3502
sub-OAS30113
ses-d4047
sub-OAS30113
ses-d4437
sub-OAS30113
ses-d5558
sub-OAS30113
ses-d5592
sub-OAS30115
ses-d0138
sub-OAS30115
ses-d1660
sub-OAS30117
ses-d2034
sub-OAS30117
ses-d4155
sub-OAS30117
ses-d5243
sub-OAS30126
ses-d1105
sub-OAS30126
ses-d2361
sub-OAS30126
ses-d2849
sub-OAS30126
ses-d3465
sub-OAS30127
ses-d0098
