This job can be monitored from: https://job.c3se.chalmers.se/alvis/5379739
Filename (participants file):  /mimer/NOBACKUP/groups/brainage/thesis_brainage/folds/val_fold_0.csv
We are looking at val data.
Model saved at /mimer/NOBACKUP/groups/brainage/thesis_brainage/results/no_pdd/model.pt will be applied to participants at /mimer/NOBACKUP/groups/brainage/thesis_brainage/folds/val_fold_0.csv.
Last block has number of input channels: 64
Last block has number of output channels: 16
The model is (classic) LILAC.
Warning: No matching image tensors found for sub-OAS30369 in session(s). Skipping.
Warning: No matching image tensors found for sub-OAS30369 in session(s). Skipping.
Warning: No matching image tensors found for sub-OAS30369 in session(s). Skipping.
Warning: No matching image tensors found for sub-OAS30369 in session(s). Skipping.
Warning: No matching image tensors found for sub-OAS30369 in session(s). Skipping.
Warning: No matching image tensors found for sub-OAS30797 in session(s). Skipping.
Warning: No matching image tensors found for sub-OAS30797 in session(s). Skipping.
Warning: No matching image tensors found for sub-OAS30797 in session(s). Skipping.
Loaded 451 image pairs.
Loaded 451 rows of metadata.
Loaded 451 targets.
val Loss (MSE): 1.9851
val MAE: 1.0539
Saved results to CSV to: /mimer/NOBACKUP/groups/brainage/thesis_brainage/results/no_pdd/predictions_val.csv.
Filename (participants file):  /mimer/NOBACKUP/groups/brainage/thesis_brainage/folds/val_fold_0.csv
We are looking at val data.
Model saved at /mimer/NOBACKUP/groups/brainage/thesis_brainage/results/pdd_t075/model.pt will be applied to participants at /mimer/NOBACKUP/groups/brainage/thesis_brainage/folds/val_fold_0.csv.
Last block has number of input channels: 64
Last block has number of output channels: 16
The model is (classic) LILAC.
Warning: No matching image tensors found for sub-OAS30369 in session(s). Skipping.
Warning: No matching image tensors found for sub-OAS30369 in session(s). Skipping.
Warning: No matching image tensors found for sub-OAS30369 in session(s). Skipping.
Warning: No matching image tensors found for sub-OAS30369 in session(s). Skipping.
Warning: No matching image tensors found for sub-OAS30369 in session(s). Skipping.
Warning: No matching image tensors found for sub-OAS30797 in session(s). Skipping.
Warning: No matching image tensors found for sub-OAS30797 in session(s). Skipping.
Warning: No matching image tensors found for sub-OAS30797 in session(s). Skipping.
Loaded 451 image pairs.
Loaded 451 rows of metadata.
Loaded 451 targets.
val Loss (MSE): 1.9846
val MAE: 1.0771
Saved results to CSV to: /mimer/NOBACKUP/groups/brainage/thesis_brainage/results/pdd_t075/predictions_val.csv.
Filename (participants file):  /mimer/NOBACKUP/groups/brainage/thesis_brainage/folds/val_fold_0.csv
We are looking at val data.
Model saved at /mimer/NOBACKUP/groups/brainage/thesis_brainage/results/pdd_t1/model.pt will be applied to participants at /mimer/NOBACKUP/groups/brainage/thesis_brainage/folds/val_fold_0.csv.
Last block has number of input channels: 64
Last block has number of output channels: 16
The model is (classic) LILAC.
Warning: No matching image tensors found for sub-OAS30369 in session(s). Skipping.
Warning: No matching image tensors found for sub-OAS30369 in session(s). Skipping.
Warning: No matching image tensors found for sub-OAS30369 in session(s). Skipping.
Warning: No matching image tensors found for sub-OAS30369 in session(s). Skipping.
Warning: No matching image tensors found for sub-OAS30369 in session(s). Skipping.
Warning: No matching image tensors found for sub-OAS30797 in session(s). Skipping.
Warning: No matching image tensors found for sub-OAS30797 in session(s). Skipping.
Warning: No matching image tensors found for sub-OAS30797 in session(s). Skipping.
Loaded 451 image pairs.
Loaded 451 rows of metadata.
Loaded 451 targets.
val Loss (MSE): 1.9493
val MAE: 1.0569
Saved results to CSV to: /mimer/NOBACKUP/groups/brainage/thesis_brainage/results/pdd_t1/predictions_val.csv.
Filename (participants file):  /mimer/NOBACKUP/groups/brainage/thesis_brainage/folds/val_fold_0.csv
We are looking at val data.
Model saved at /mimer/NOBACKUP/groups/brainage/thesis_brainage/results/pdd_t2/model.pt will be applied to participants at /mimer/NOBACKUP/groups/brainage/thesis_brainage/folds/val_fold_0.csv.
Last block has number of input channels: 64
Last block has number of output channels: 16
The model is (classic) LILAC.
Warning: No matching image tensors found for sub-OAS30369 in session(s). Skipping.
Warning: No matching image tensors found for sub-OAS30369 in session(s). Skipping.
Warning: No matching image tensors found for sub-OAS30369 in session(s). Skipping.
Warning: No matching image tensors found for sub-OAS30369 in session(s). Skipping.
Warning: No matching image tensors found for sub-OAS30369 in session(s). Skipping.
Warning: No matching image tensors found for sub-OAS30797 in session(s). Skipping.
Warning: No matching image tensors found for sub-OAS30797 in session(s). Skipping.
Warning: No matching image tensors found for sub-OAS30797 in session(s). Skipping.
Loaded 451 image pairs.
Loaded 451 rows of metadata.
Loaded 451 targets.
val Loss (MSE): 2.2800
val MAE: 1.1783
Saved results to CSV to: /mimer/NOBACKUP/groups/brainage/thesis_brainage/results/pdd_t2/predictions_val.csv.
Filename (participants file):  /mimer/NOBACKUP/groups/brainage/thesis_brainage/folds/val_fold_0.csv
We are looking at val data.
Model saved at /mimer/NOBACKUP/groups/brainage/thesis_brainage/results/sm1_pdd/model.pt will be applied to participants at /mimer/NOBACKUP/groups/brainage/thesis_brainage/folds/val_fold_0.csv.
Last block has number of input channels: 64
Last block has number of output channels: 16
The model is (classic) LILAC.
Warning: No matching image tensors found for sub-OAS30369 in session(s). Skipping.
Warning: No matching image tensors found for sub-OAS30369 in session(s). Skipping.
Warning: No matching image tensors found for sub-OAS30369 in session(s). Skipping.
Warning: No matching image tensors found for sub-OAS30369 in session(s). Skipping.
Warning: No matching image tensors found for sub-OAS30369 in session(s). Skipping.
Warning: No matching image tensors found for sub-OAS30797 in session(s). Skipping.
Warning: No matching image tensors found for sub-OAS30797 in session(s). Skipping.
Warning: No matching image tensors found for sub-OAS30797 in session(s). Skipping.
Loaded 451 image pairs.
Loaded 451 rows of metadata.
Loaded 451 targets.
val Loss (MSE): 2.2188
val MAE: 1.1441
Saved results to CSV to: /mimer/NOBACKUP/groups/brainage/thesis_brainage/results/sm1_pdd/predictions_val.csv.
Filename (participants file):  /mimer/NOBACKUP/groups/brainage/thesis_brainage/folds/val_fold_0.csv
We are looking at val data.
Model saved at /mimer/NOBACKUP/groups/brainage/thesis_brainage/results/sm07_pdd/model.pt will be applied to participants at /mimer/NOBACKUP/groups/brainage/thesis_brainage/folds/val_fold_0.csv.
Last block has number of input channels: 64
Last block has number of output channels: 16
The model is (classic) LILAC.
Warning: No matching image tensors found for sub-OAS30369 in session(s). Skipping.
Warning: No matching image tensors found for sub-OAS30369 in session(s). Skipping.
Warning: No matching image tensors found for sub-OAS30369 in session(s). Skipping.
Warning: No matching image tensors found for sub-OAS30369 in session(s). Skipping.
Warning: No matching image tensors found for sub-OAS30369 in session(s). Skipping.
Warning: No matching image tensors found for sub-OAS30797 in session(s). Skipping.
Warning: No matching image tensors found for sub-OAS30797 in session(s). Skipping.
Warning: No matching image tensors found for sub-OAS30797 in session(s). Skipping.
Loaded 451 image pairs.
Loaded 451 rows of metadata.
Loaded 451 targets.
val Loss (MSE): 2.4944
val MAE: 1.2070
Saved results to CSV to: /mimer/NOBACKUP/groups/brainage/thesis_brainage/results/sm07_pdd/predictions_val.csv.
Filename (participants file):  /mimer/NOBACKUP/groups/brainage/thesis_brainage/folds/val_fold_0.csv
We are looking at val data.
Model saved at /mimer/NOBACKUP/groups/brainage/thesis_brainage/results/sm15_pdd/model.pt will be applied to participants at /mimer/NOBACKUP/groups/brainage/thesis_brainage/folds/val_fold_0.csv.
Last block has number of input channels: 64
Last block has number of output channels: 16
The model is (classic) LILAC.
Warning: No matching image tensors found for sub-OAS30369 in session(s). Skipping.
Warning: No matching image tensors found for sub-OAS30369 in session(s). Skipping.
Warning: No matching image tensors found for sub-OAS30369 in session(s). Skipping.
Warning: No matching image tensors found for sub-OAS30369 in session(s). Skipping.
Warning: No matching image tensors found for sub-OAS30369 in session(s). Skipping.
Warning: No matching image tensors found for sub-OAS30797 in session(s). Skipping.
Warning: No matching image tensors found for sub-OAS30797 in session(s). Skipping.
Warning: No matching image tensors found for sub-OAS30797 in session(s). Skipping.
Loaded 451 image pairs.
Loaded 451 rows of metadata.
Loaded 451 targets.
val Loss (MSE): 2.4252
val MAE: 1.1722
Saved results to CSV to: /mimer/NOBACKUP/groups/brainage/thesis_brainage/results/sm15_pdd/predictions_val.csv.
