This job can be monitored from: https://job.c3se.chalmers.se/alvis/4708604
making attention of type 'vanilla' with 512 in_channels
Working with z of shape (1, 1, 128, 128) = 16384 dimensions.
making attention of type 'vanilla' with 512 in_channels
Restored from /cephyr/users/manuelw/Alvis/.cache/huggingface/hub/models--stanfordmimi--MedVAE/snapshots/8040c5ccb7a51eff6b4cef513c7f20bd1bda983d/model_weights/vae_4x_1c_3D.ckpt with 0 missing and 0 unexpected keys
sub-OAS30001
ses-d0129
sub-OAS30001
ses-d0757
sub-OAS30001
ses-d2430
sub-OAS30001
ses-d3132
sub-OAS30001
ses-d3746
sub-OAS30001
ses-d4467
sub-OAS30002
ses-d0653
sub-OAS30002
ses-d1680
sub-OAS30002
ses-d2340
sub-OAS30002
ses-d2345
sub-OAS30003
ses-d0558
sub-OAS30003
ses-d1631
sub-OAS30003
ses-d2669
sub-OAS30003
ses-d2682
sub-OAS30003
ses-d3320
sub-OAS30003
ses-d3731
sub-OAS30003
ses-d4954
sub-OAS30004
ses-d1101
sub-OAS30004
ses-d2229
sub-OAS30004
ses-d2232
sub-OAS30004
ses-d3457
sub-OAS30004
ses-d4700
sub-OAS30005
ses-d0581
sub-OAS30005
ses-d1274
sub-OAS30005
ses-d2377
sub-OAS30005
ses-d2384
sub-OAS30005
ses-d3453
sub-OAS30005
ses-d4620
sub-OAS30006
ses-d0373
sub-OAS30006
ses-d1308
sub-OAS30006
ses-d2341
sub-OAS30006
ses-d2342
sub-OAS30006
ses-d3386
sub-OAS30006
ses-d4440
sub-OAS30008
ses-d0061
sub-OAS30008
ses-d1313
sub-OAS30008
ses-d1327
sub-OAS30008
ses-d2035
sub-OAS30008
ses-d3363
sub-OAS30009
ses-d0148
sub-OAS30009
ses-d1210
sub-OAS30009
ses-d2457
sub-OAS30009
ses-d3534
sub-OAS30010
ses-d0068
sub-OAS30010
ses-d1514
sub-OAS30010
ses-d1515
sub-OAS30011
ses-d0055
sub-OAS30011
ses-d1671
sub-OAS30014
ses-d0196
sub-OAS30014
ses-d1176
sub-OAS30015
ses-d0116
sub-OAS30015
ses-d0788
sub-OAS30015
ses-d1374
sub-OAS30015
ses-d2004
sub-OAS30018
ses-d0070
sub-OAS30018
ses-d0893
sub-OAS30025
ses-d0210
sub-OAS30025
ses-d2298
sub-OAS30026
ses-d0048
sub-OAS30026
ses-d0129
sub-OAS30026
ses-d0696
sub-OAS30028
ses-d0043
sub-OAS30028
ses-d1260
sub-OAS30028
ses-d1847
sub-OAS30032
ses-d1661
sub-OAS30032
ses-d3499
sub-OAS30033
ses-d0133
sub-OAS30033
ses-d1267
sub-OAS30036
ses-d0059
sub-OAS30036
ses-d1199
sub-OAS30037
ses-d0154
sub-OAS30037
ses-d1307
sub-OAS30037
ses-d2310
sub-OAS30038
ses-d2242
sub-OAS30038
ses-d3376
sub-OAS30038
ses-d4495
sub-OAS30038
ses-d5769
sub-OAS30038
ses-d5770
sub-OAS30039
ses-d0103
sub-OAS30039
ses-d1203
sub-OAS30044
ses-d0054
sub-OAS30044
ses-d0061
sub-OAS30044
ses-d1319
sub-OAS30046
ses-d0072
sub-OAS30046
ses-d0848
sub-OAS30046
ses-d1968
sub-OAS30048
ses-d2292
sub-OAS30048
ses-d3367
sub-OAS30048
ses-d3375
sub-OAS30048
ses-d3731
sub-OAS30048
ses-d4459
sub-OAS30048
ses-d5643
sub-OAS30049
ses-d0013
sub-OAS30049
ses-d1633
sub-OAS30049
ses-d2933
sub-OAS30050
ses-d0110
sub-OAS30050
ses-d1530
sub-OAS30052
ses-d0693
sub-OAS30052
ses-d1296
sub-OAS30052
ses-d2709
sub-OAS30052
ses-d2737
sub-OAS30052
ses-d4235
sub-OAS30062
ses-d1134
sub-OAS30062
ses-d1745
sub-OAS30062
ses-d3432
sub-OAS30062
ses-d3469
sub-OAS30062
ses-d4097
sub-OAS30062
ses-d4447
sub-OAS30065
ses-d0548
sub-OAS30065
ses-d2009
sub-OAS30066
ses-d0524
sub-OAS30066
ses-d2006
sub-OAS30066
ses-d2740
sub-OAS30071
ses-d0018
sub-OAS30071
ses-d0055
sub-OAS30071
ses-d1627
sub-OAS30073
ses-d1587
sub-OAS30073
ses-d2042
sub-OAS30073
ses-d2851
sub-OAS30073
ses-d3670
sub-OAS30073
ses-d4456
sub-OAS30074
ses-d0049
sub-OAS30074
ses-d1871
sub-OAS30074
ses-d2812
sub-OAS30075
ses-d0143
sub-OAS30075
ses-d0148
sub-OAS30075
ses-d0442
sub-OAS30075
ses-d0967
sub-OAS30079
ses-d0019
sub-OAS30079
ses-d1833
sub-OAS30079
ses-d2668
sub-OAS30079
ses-d3410
sub-OAS30079
ses-d4523
sub-OAS30080
ses-d0048
sub-OAS30080
ses-d1318
sub-OAS30080
ses-d2281
sub-OAS30083
ses-d0465
sub-OAS30083
ses-d2882
sub-OAS30083
ses-d3827
sub-OAS30084
ses-d0470
sub-OAS30084
ses-d1360
sub-OAS30090
ses-d0118
sub-OAS30090
ses-d1294
sub-OAS30090
ses-d2676
sub-OAS30093
ses-d0056
sub-OAS30093
ses-d0070
sub-OAS30093
ses-d1192
sub-OAS30096
ses-d0024
sub-OAS30096
ses-d2948
sub-OAS30097
ses-d0504
sub-OAS30097
ses-d2551
sub-OAS30097
ses-d3787
sub-OAS30097
ses-d3788
sub-OAS30099
ses-d0032
sub-OAS30099
ses-d1605
sub-OAS30101
ses-d0101
sub-OAS30101
ses-d0919
sub-OAS30101
ses-d2650
sub-OAS30102
ses-d0024
sub-OAS30102
ses-d1505
sub-OAS30103
ses-d4255
sub-OAS30103
ses-d7334
sub-OAS30105
ses-d0056
sub-OAS30105
ses-d1228
sub-OAS30107
ses-d0387
sub-OAS30107
ses-d0940
sub-OAS30107
ses-d2765
sub-OAS30108
ses-d0168
sub-OAS30108
ses-d1062
sub-OAS30108
ses-d2066
sub-OAS30109
ses-d0432
sub-OAS30109
ses-d0997
sub-OAS30109
ses-d2310
sub-OAS30109
ses-d2320
sub-OAS30109
ses-d4518
sub-OAS30112
ses-d0091
sub-OAS30112
ses-d0098
sub-OAS30112
ses-d0259
sub-OAS30112
ses-d1196
sub-OAS30113
ses-d1301
sub-OAS30113
ses-d2280
sub-OAS30113
ses-d3502
sub-OAS30113
ses-d4047
sub-OAS30113
ses-d4437
sub-OAS30113
ses-d5558
sub-OAS30113
ses-d5592
sub-OAS30115
ses-d0138
sub-OAS30115
ses-d1660
sub-OAS30117
ses-d2034
sub-OAS30117
ses-d4155
sub-OAS30117
ses-d5243
sub-OAS30126
ses-d1105
sub-OAS30126
ses-d2361
sub-OAS30126
ses-d2849
sub-OAS30126
ses-d3465
sub-OAS30127
ses-d0098
sub-OAS30127
ses-d0110
sub-OAS30127
ses-d0837
sub-OAS30127
ses-d2279
sub-OAS30129
ses-d0055
sub-OAS30129
ses-d1271
sub-OAS30129
ses-d1272
sub-OAS30134
ses-d0080
sub-OAS30134
ses-d1642
sub-OAS30134
ses-d2927
sub-OAS30135
ses-d0341
sub-OAS30135
ses-d1000
sub-OAS30135
ses-d2357
sub-OAS30135
ses-d2367
sub-OAS30135
ses-d2799
sub-OAS30135
ses-d2931
sub-OAS30137
ses-d3165
sub-OAS30137
ses-d3907
sub-OAS30137
ses-d4525
sub-OAS30137
ses-d5772
sub-OAS30141
ses-d0544
sub-OAS30141
ses-d1306
sub-OAS30141
ses-d2512
sub-OAS30142
ses-d0075
sub-OAS30142
ses-d1279
sub-OAS30143
ses-d2235
sub-OAS30143
ses-d3507
sub-OAS30143
ses-d3509
sub-OAS30143
ses-d3856
sub-OAS30143
ses-d4041
sub-OAS30146
ses-d0272
sub-OAS30146
ses-d1042
sub-OAS30146
ses-d2309
sub-OAS30146
ses-d3322
sub-OAS30149
ses-d0051
sub-OAS30149
ses-d1240
sub-OAS30155
ses-d0785
sub-OAS30155
ses-d1934
sub-OAS30160
ses-d0099
sub-OAS30160
ses-d0751
sub-OAS30160
ses-d2392
sub-OAS30160
ses-d3534
sub-OAS30164
ses-d0233
sub-OAS30164
ses-d0975
sub-OAS30164
ses-d2416
sub-OAS30167
ses-d0111
sub-OAS30167
ses-d1340
sub-OAS30168
ses-d0059
sub-OAS30168
ses-d1268
sub-OAS30173
ses-d1188
sub-OAS30173
ses-d3030
sub-OAS30173
ses-d3841
sub-OAS30175
ses-d0349
sub-OAS30175
ses-d1091
sub-OAS30175
ses-d3219
sub-OAS30178
ses-d0516
sub-OAS30178
ses-d1384
sub-OAS30178
ses-d2443
sub-OAS30178
ses-d2455
sub-OAS30178
ses-d2794
sub-OAS30178
ses-d3500
sub-OAS30178
ses-d4730
sub-OAS30182
ses-d0094
sub-OAS30182
ses-d0101
sub-OAS30182
ses-d1397
sub-OAS30182
ses-d2289
sub-OAS30184
ses-d0169
sub-OAS30184
ses-d0876
sub-OAS30184
ses-d3157
sub-OAS30187
ses-d0070
sub-OAS30187
ses-d1210
sub-OAS30188
ses-d1788
sub-OAS30188
ses-d3844
sub-OAS30189
ses-d0072
sub-OAS30189
ses-d1220
sub-OAS30191
ses-d1136
sub-OAS30191
ses-d2352
sub-OAS30193
ses-d0043
sub-OAS30193
ses-d1611
sub-OAS30195
ses-d0193
sub-OAS30195
ses-d1596
sub-OAS30204
ses-d0020
sub-OAS30204
ses-d0033
sub-OAS30207
ses-d0346
sub-OAS30207
ses-d2812
sub-OAS30208
ses-d0436
sub-OAS30208
ses-d1703
sub-OAS30208
ses-d2442
sub-OAS30208
ses-d3143
sub-OAS30211
ses-d0046
sub-OAS30211
ses-d1239
sub-OAS30211
ses-d2380
sub-OAS30219
ses-d0064
sub-OAS30219
ses-d1184
sub-OAS30219
ses-d2184
sub-OAS30220
ses-d0104
sub-OAS30220
ses-d1165
sub-OAS30220
ses-d2246
sub-OAS30221
ses-d0079
sub-OAS30221
ses-d1143
sub-OAS30221
ses-d2358
sub-OAS30223
ses-d0455
sub-OAS30223
ses-d1235
sub-OAS30228
ses-d0090
sub-OAS30228
ses-d1211
sub-OAS30231
ses-d2510
sub-OAS30231
ses-d3617
sub-OAS30231
ses-d3630
sub-OAS30232
ses-d0120
sub-OAS30232
ses-d0695
sub-OAS30232
ses-d2324
sub-OAS30233
ses-d3867
sub-OAS30233
ses-d5295
sub-OAS30235
ses-d0139
sub-OAS30235
ses-d1175
sub-OAS30240
ses-d1871
sub-OAS30240
ses-d3483
sub-OAS30240
ses-d3487
sub-OAS30240
ses-d3843
sub-OAS30240
ses-d4197
sub-OAS30240
ses-d4844
sub-OAS30240
ses-d5621
sub-OAS30241
ses-d1203
sub-OAS30241
ses-d1706
sub-OAS30241
ses-d3605
sub-OAS30241
ses-d4514
sub-OAS30242
ses-d0137
sub-OAS30242
ses-d1138
sub-OAS30245
ses-d0506
sub-OAS30245
ses-d1548
sub-OAS30246
ses-d0119
sub-OAS30246
ses-d0746
sub-OAS30246
ses-d1591
sub-OAS30246
ses-d2354
sub-OAS30247
ses-d0168
sub-OAS30247
ses-d0844
sub-OAS30247
ses-d2643
sub-OAS30248
ses-d0078
sub-OAS30248
ses-d1191
sub-OAS30248
ses-d2017
sub-OAS30249
ses-d1238
sub-OAS30249
ses-d1952
sub-OAS30249
ses-d3431
sub-OAS30249
ses-d4416
sub-OAS30249
ses-d5650
sub-OAS30251
ses-d0220
sub-OAS30251
ses-d2067
sub-OAS30251
ses-d2954
sub-OAS30253
ses-d2541
sub-OAS30253
ses-d3490
sub-OAS30253
ses-d3948
sub-OAS30253
ses-d4746
sub-OAS30256
ses-d1284
sub-OAS30256
ses-d2368
sub-OAS30256
ses-d3588
sub-OAS30258
ses-d0487
sub-OAS30258
ses-d1225
sub-OAS30261
ses-d0785
sub-OAS30261
ses-d1892
sub-OAS30272
ses-d0057
sub-OAS30272
ses-d2456
sub-OAS30272
ses-d3087
sub-OAS30274
ses-d0605
sub-OAS30274
ses-d3332
sub-OAS30275
ses-d0280
sub-OAS30275
ses-d1006
sub-OAS30276
ses-d1200
sub-OAS30276
ses-d2405
sub-OAS30276
ses-d2408
sub-OAS30276
ses-d3217
sub-OAS30280
ses-d0085
sub-OAS30280
ses-d0667
sub-OAS30280
ses-d1647
sub-OAS30283
ses-d0064
sub-OAS30283
ses-d0797
sub-OAS30283
ses-d2660
sub-OAS30283
ses-d3342
sub-OAS30283
ses-d3737
sub-OAS30284
ses-d1633
sub-OAS30284
ses-d3510
sub-OAS30284
ses-d4667
sub-OAS30291
ses-d0078
sub-OAS30291
ses-d1979
sub-OAS30291
ses-d3148
sub-OAS30293
ses-d0056
sub-OAS30293
ses-d1221
sub-OAS30295
ses-d0611
sub-OAS30295
ses-d0967
sub-OAS30297
ses-d1712
sub-OAS30297
ses-d2331
sub-OAS30302
ses-d0262
sub-OAS30302
ses-d1456
sub-OAS30303
ses-d1948
sub-OAS30303
ses-d2650
sub-OAS30304
ses-d0027
sub-OAS30304
ses-d1272
sub-OAS30306
ses-d0028
sub-OAS30306
ses-d0473
sub-OAS30306
ses-d0678
sub-OAS30307
ses-d0032
sub-OAS30307
ses-d2362
sub-OAS30308
ses-d0004
sub-OAS30308
ses-d0423
sub-OAS30314
ses-d7000
sub-OAS30314
ses-d7814
sub-OAS30320
ses-d0136
sub-OAS30320
ses-d1740
sub-OAS30321
ses-d0075
sub-OAS30321
ses-d1988
sub-OAS30321
ses-d3003
sub-OAS30324
ses-d0119
sub-OAS30324
ses-d0959
sub-OAS30324
ses-d2433
sub-OAS30328
ses-d0105
sub-OAS30328
ses-d0470
sub-OAS30328
ses-d1274
sub-OAS30333
ses-d0093
sub-OAS30333
ses-d2005
sub-OAS30333
ses-d2008
sub-OAS30333
ses-d2457
sub-OAS30333
ses-d2891
sub-OAS30333
ses-d2985
sub-OAS30333
ses-d4277
sub-OAS30333
ses-d4347
sub-OAS30335
ses-d0693
sub-OAS30335
ses-d1482
sub-OAS30335
ses-d2770
sub-OAS30335
ses-d2783
sub-OAS30335
ses-d3812
sub-OAS30336
ses-d0012
sub-OAS30336
ses-d0244
sub-OAS30336
ses-d1264
sub-OAS30337
ses-d0064
sub-OAS30337
ses-d1204
sub-OAS30343
ses-d4178
sub-OAS30343
ses-d4900
sub-OAS30346
ses-d0083
sub-OAS30346
ses-d1685
sub-OAS30349
ses-d0699
sub-OAS30349
ses-d3241
sub-OAS30350
ses-d0018
sub-OAS30350
ses-d0509
sub-OAS30350
ses-d1201
sub-OAS30351
ses-d0037
sub-OAS30351
ses-d2542
sub-OAS30353
ses-d0963
sub-OAS30353
ses-d2635
sub-OAS30353
ses-d3421
sub-OAS30353
ses-d4450
sub-OAS30357
ses-d0521
sub-OAS30357
ses-d0535
sub-OAS30357
ses-d1195
sub-OAS30357
ses-d1820
sub-OAS30360
ses-d0118
sub-OAS30360
ses-d1407
sub-OAS30361
ses-d1457
sub-OAS30361
ses-d2151
sub-OAS30361
ses-d3275
sub-OAS30363
ses-d0087
sub-OAS30363
ses-d0880
sub-OAS30363
ses-d2626
sub-OAS30363
ses-d2701
sub-OAS30367
ses-d1540
sub-OAS30367
ses-d2009
sub-OAS30367
ses-d3394
sub-OAS30367
ses-d3396
sub-OAS30367
ses-d4337
sub-OAS30367
ses-d5611
sub-OAS30368
ses-d0056
sub-OAS30368
ses-d2379
sub-OAS30368
ses-d2750
sub-OAS30368
ses-d3318
sub-OAS30368
ses-d3990
sub-OAS30369
ses-d4921
sub-OAS30369
ses-d5872
sub-OAS30369
ses-d5880
sub-OAS30369
ses-d6215
sub-OAS30369
ses-d6992
sub-OAS30371
ses-d0338
sub-OAS30371
ses-d0981
sub-OAS30371
ses-d1400
sub-OAS30372
ses-d3464
sub-OAS30372
ses-d4514
sub-OAS30375
ses-d5792
sub-OAS30375
ses-d6879
sub-OAS30382
ses-d0051
sub-OAS30382
ses-d1199
sub-OAS30387
ses-d0616
sub-OAS30387
ses-d1832
sub-OAS30387
ses-d3401
sub-OAS30390
ses-d0346
sub-OAS30390
ses-d2428
sub-OAS30392
ses-d0730
sub-OAS30392
ses-d1682
sub-OAS30392
ses-d3145
sub-OAS30393
ses-d7726
sub-OAS30393
ses-d8651
sub-OAS30395
ses-d0002
sub-OAS30395
ses-d1241
sub-OAS30400
ses-d0070
sub-OAS30400
ses-d1134
sub-OAS30402
ses-d0015
sub-OAS30402
ses-d1085
sub-OAS30402
ses-d1645
sub-OAS30402
ses-d2442
sub-OAS30405
ses-d0079
sub-OAS30405
ses-d1883
sub-OAS30407
ses-d0061
sub-OAS30407
ses-d1267
sub-OAS30407
ses-d2862
sub-OAS30411
ses-d1227
sub-OAS30411
ses-d3011
sub-OAS30411
ses-d3025
sub-OAS30411
ses-d4368
sub-OAS30411
ses-d5564
sub-OAS30413
ses-d0561
sub-OAS30413
ses-d1533
sub-OAS30414
ses-d0030
sub-OAS30414
ses-d0037
sub-OAS30414
ses-d0363
sub-OAS30414
ses-d1175
sub-OAS30414
ses-d2163
sub-OAS30417
ses-d0093
sub-OAS30417
ses-d0107
sub-OAS30417
ses-d2265
sub-OAS30419
ses-d0621
sub-OAS30419
ses-d1139
sub-OAS30419
ses-d2360
sub-OAS30419
ses-d3307
sub-OAS30419
ses-d4608
sub-OAS30423
ses-d0067
sub-OAS30423
ses-d1267
sub-OAS30423
ses-d2099
sub-OAS30427
ses-d4348
sub-OAS30427
ses-d5636
sub-OAS30427
ses-d5637
sub-OAS30430
ses-d0055
sub-OAS30430
ses-d0909
sub-OAS30432
ses-d0100
sub-OAS30432
ses-d2137
sub-OAS30438
ses-d0064
sub-OAS30438
ses-d0897
sub-OAS30438
ses-d2358
sub-OAS30438
ses-d3254
sub-OAS30443
ses-d1480
sub-OAS30443
ses-d2432
sub-OAS30449
ses-d0000
sub-OAS30449
ses-d0620
sub-OAS30449
ses-d2359
sub-OAS30449
ses-d2433
sub-OAS30455
ses-d2887
sub-OAS30455
ses-d2888
sub-OAS30455
ses-d4209
sub-OAS30455
ses-d5422
sub-OAS30458
ses-d0063
sub-OAS30458
ses-d0070
sub-OAS30458
ses-d0481
sub-OAS30458
ses-d1174
sub-OAS30458
ses-d2318
sub-OAS30462
ses-d0020
sub-OAS30462
ses-d0034
sub-OAS30462
ses-d0469
sub-OAS30462
ses-d1232
sub-OAS30462
ses-d2386
sub-OAS30464
ses-d0077
sub-OAS30464
ses-d0951
sub-OAS30464
ses-d2445
sub-OAS30464
ses-d2848
sub-OAS30464
ses-d4292
sub-OAS30464
ses-d4293
sub-OAS30465
ses-d0152
sub-OAS30465
ses-d1030
sub-OAS30470
ses-d1846
sub-OAS30470
ses-d2828
sub-OAS30473
ses-d0385
sub-OAS30473
ses-d1163
sub-OAS30476
ses-d0090
sub-OAS30476
ses-d0482
sub-OAS30476
ses-d1931
sub-OAS30478
ses-d3566
sub-OAS30478
ses-d4271
sub-OAS30480
ses-d0161
sub-OAS30480
ses-d0711
sub-OAS30483
ses-d0006
sub-OAS30483
ses-d0020
sub-OAS30483
ses-d0947
sub-OAS30483
ses-d2290
sub-OAS30484
ses-d0040
sub-OAS30484
ses-d0056
sub-OAS30484
ses-d0069
sub-OAS30484
ses-d0557
sub-OAS30484
ses-d1065
sub-OAS30484
ses-d2273
sub-OAS30486
ses-d1295
sub-OAS30486
ses-d1300
sub-OAS30487
ses-d0064
sub-OAS30487
ses-d1338
sub-OAS30487
ses-d2165
sub-OAS30487
ses-d3605
sub-OAS30490
ses-d0412
sub-OAS30490
ses-d0574
sub-OAS30490
ses-d1162
sub-OAS30492
ses-d0090
sub-OAS30492
ses-d1169
sub-OAS30492
ses-d2346
sub-OAS30496
ses-d0065
sub-OAS30496
ses-d1150
sub-OAS30496
ses-d2304
sub-OAS30499
ses-d0067
sub-OAS30499
ses-d1164
sub-OAS30499
ses-d2296
sub-OAS30499
ses-d3468
sub-OAS30500
ses-d0093
sub-OAS30500
ses-d1297
sub-OAS30502
ses-d0395
sub-OAS30502
ses-d1195
sub-OAS30502
ses-d2228
sub-OAS30507
ses-d0391
sub-OAS30507
ses-d2282
sub-OAS30507
ses-d2411
sub-OAS30507
ses-d2941
sub-OAS30507
ses-d3571
sub-OAS30514
ses-d0057
sub-OAS30514
ses-d1526
sub-OAS30516
ses-d1800
sub-OAS30516
ses-d2706
sub-OAS30516
ses-d4192
sub-OAS30516
ses-d5317
sub-OAS30525
ses-d0671
sub-OAS30525
ses-d1471
sub-OAS30525
ses-d1611
sub-OAS30525
ses-d3407
sub-OAS30531
ses-d0108
sub-OAS30531
ses-d1347
sub-OAS30531
ses-d1348
sub-OAS30531
ses-d2584
sub-OAS30534
ses-d0474
sub-OAS30534
ses-d1174
sub-OAS30534
ses-d2374
sub-OAS30534
ses-d3728
sub-OAS30535
ses-d0139
sub-OAS30535
ses-d1329
sub-OAS30535
ses-d1336
sub-OAS30535
ses-d2624
sub-OAS30535
ses-d2911
sub-OAS30537
ses-d0029
sub-OAS30537
ses-d1414
sub-OAS30537
ses-d1848
sub-OAS30537
ses-d2813
sub-OAS30542
ses-d0489
sub-OAS30542
ses-d3116
sub-OAS30542
ses-d3906
sub-OAS30551
ses-d0104
sub-OAS30551
ses-d1310
sub-OAS30552
ses-d0139
sub-OAS30552
ses-d1011
sub-OAS30555
ses-d1301
sub-OAS30555
ses-d2548
sub-OAS30557
ses-d1448
sub-OAS30557
ses-d2185
sub-OAS30558
ses-d1429
sub-OAS30558
ses-d2148
sub-OAS30558
ses-d3408
sub-OAS30558
ses-d3715
sub-OAS30558
ses-d4493
sub-OAS30558
ses-d5591
sub-OAS30559
ses-d0431
sub-OAS30559
ses-d1236
sub-OAS30559
ses-d2422
sub-OAS30560
ses-d0117
sub-OAS30560
ses-d1203
sub-OAS30561
ses-d0106
sub-OAS30561
ses-d1137
sub-OAS30561
ses-d1263
sub-OAS30562
ses-d0030
sub-OAS30562
ses-d0494
sub-OAS30562
ses-d2363
sub-OAS30562
ses-d3383
sub-OAS30564
ses-d1664
sub-OAS30564
ses-d2808
sub-OAS30567
ses-d0040
sub-OAS30567
ses-d1246
sub-OAS30568
ses-d0073
sub-OAS30568
ses-d1281
sub-OAS30568
ses-d1284
sub-OAS30568
ses-d1765
sub-OAS30568
ses-d2326
sub-OAS30568
ses-d3446
sub-OAS30571
ses-d0120
sub-OAS30571
ses-d2331
sub-OAS30571
ses-d3528
sub-OAS30572
ses-d0058
sub-OAS30572
ses-d0064
sub-OAS30572
ses-d1156
sub-OAS30572
ses-d2207
sub-OAS30574
ses-d0918
sub-OAS30574
ses-d1917
sub-OAS30579
ses-d1232
sub-OAS30579
ses-d2400
sub-OAS30579
ses-d3440
sub-OAS30580
ses-d0032
sub-OAS30580
ses-d1531
sub-OAS30580
ses-d2664
sub-OAS30581
ses-d1374
sub-OAS30581
ses-d3917
sub-OAS30586
ses-d0070
sub-OAS30586
ses-d0749
sub-OAS30586
ses-d1149
sub-OAS30588
ses-d1637
sub-OAS30588
ses-d3591
sub-OAS30588
ses-d4795
sub-OAS30588
ses-d4796
sub-OAS30589
ses-d0096
sub-OAS30589
ses-d1525
sub-OAS30589
ses-d2311
sub-OAS30589
ses-d3191
sub-OAS30590
ses-d0085
sub-OAS30590
ses-d0095
sub-OAS30594
ses-d0066
sub-OAS30594
ses-d1166
sub-OAS30595
ses-d0084
sub-OAS30595
ses-d0848
sub-OAS30596
ses-d1759
sub-OAS30596
ses-d2477
sub-OAS30600
ses-d1176
sub-OAS30600
ses-d3618
sub-OAS30601
ses-d0111
sub-OAS30601
ses-d1146
sub-OAS30601
ses-d2372
sub-OAS30603
ses-d0811
sub-OAS30603
ses-d2253
sub-OAS30606
ses-d0360
sub-OAS30606
ses-d2822
sub-OAS30608
ses-d0722
sub-OAS30608
ses-d1272
sub-OAS30608
ses-d2527
sub-OAS30608
ses-d3984
sub-OAS30608
ses-d5006
sub-OAS30612
ses-d0039
sub-OAS30612
ses-d1201
sub-OAS30612
ses-d1792
sub-OAS30612
ses-d2356
sub-OAS30615
ses-d0265
sub-OAS30615
ses-d0925
sub-OAS30615
ses-d2022
sub-OAS30620
ses-d1176
sub-OAS30620
ses-d1616
sub-OAS30620
ses-d2211
sub-OAS30620
ses-d3446
sub-OAS30622
ses-d0179
sub-OAS30622
ses-d0802
sub-OAS30624
ses-d0035
sub-OAS30624
ses-d1643
sub-OAS30624
ses-d2896
sub-OAS30625
ses-d0033
sub-OAS30625
ses-d1154
sub-OAS30632
ses-d0106
sub-OAS30632
ses-d1800
sub-OAS30632
ses-d3040
sub-OAS30633
ses-d0111
sub-OAS30633
ses-d2223
sub-OAS30633
ses-d3636
sub-OAS30635
ses-d0022
sub-OAS30635
ses-d0544
sub-OAS30635
ses-d1533
sub-OAS30636
ses-d0056
sub-OAS30636
ses-d1199
sub-OAS30636
ses-d2289
sub-OAS30637
ses-d0079
sub-OAS30637
ses-d1185
sub-OAS30637
ses-d1186
sub-OAS30638
ses-d0071
sub-OAS30638
ses-d0072
sub-OAS30642
ses-d0154
sub-OAS30642
ses-d1286
sub-OAS30643
ses-d0280
sub-OAS30643
ses-d0893
sub-OAS30643
ses-d2334
sub-OAS30643
ses-d3084
sub-OAS30647
ses-d0232
sub-OAS30647
ses-d1286
sub-OAS30647
ses-d2394
sub-OAS30651
ses-d0253
sub-OAS30651
ses-d1833
sub-OAS30651
ses-d1847
sub-OAS30651
ses-d3150
sub-OAS30652
ses-d0778
sub-OAS30652
ses-d1366
sub-OAS30656
ses-d1638
sub-OAS30656
ses-d2737
sub-OAS30659
ses-d0410
sub-OAS30659
ses-d1668
sub-OAS30659
ses-d2760
sub-OAS30660
ses-d1732
sub-OAS30660
ses-d3464
sub-OAS30660
ses-d4468
sub-OAS30663
ses-d0051
sub-OAS30663
ses-d1338
sub-OAS30664
ses-d0226
sub-OAS30664
ses-d3557
sub-OAS30668
ses-d0597
sub-OAS30668
ses-d1153
sub-OAS30668
ses-d2432
sub-OAS30668
ses-d3574
sub-OAS30671
ses-d0267
sub-OAS30671
ses-d1122
sub-OAS30671
ses-d2486
sub-OAS30671
ses-d3613
sub-OAS30673
ses-d0556
sub-OAS30673
ses-d1135
sub-OAS30673
ses-d2417
sub-OAS30673
ses-d2418
sub-OAS30673
ses-d3206
sub-OAS30673
ses-d3803
sub-OAS30674
ses-d1011
sub-OAS30674
ses-d1782
sub-OAS30676
ses-d2186
sub-OAS30676
ses-d3567
sub-OAS30676
ses-d3577
sub-OAS30676
ses-d4132
sub-OAS30676
ses-d4138
sub-OAS30676
ses-d5558
sub-OAS30679
ses-d0091
sub-OAS30679
ses-d1249
sub-OAS30681
ses-d0141
sub-OAS30681
ses-d0154
sub-OAS30683
ses-d0037
sub-OAS30683
ses-d0051
sub-OAS30683
ses-d0528
sub-OAS30683
ses-d1337
sub-OAS30683
ses-d2368
sub-OAS30685
ses-d0032
sub-OAS30685
ses-d1552
sub-OAS30688
ses-d0120
sub-OAS30688
ses-d0672
sub-OAS30688
ses-d2394
sub-OAS30688
ses-d3465
sub-OAS30688
ses-d4604
sub-OAS30690
ses-d0042
sub-OAS30690
ses-d1427
sub-OAS30699
ses-d1809
sub-OAS30699
ses-d3846
sub-OAS30699
ses-d5530
sub-OAS30701
ses-d0054
sub-OAS30701
ses-d1333
sub-OAS30701
ses-d2371
sub-OAS30701
ses-d3293
sub-OAS30703
ses-d0076
sub-OAS30703
ses-d0588
sub-OAS30703
ses-d1120
sub-OAS30706
ses-d0060
sub-OAS30706
ses-d1228
sub-OAS30709
ses-d1365
sub-OAS30709
ses-d2096
sub-OAS30710
ses-d0058
sub-OAS30710
ses-d1179
sub-OAS30710
ses-d2323
sub-OAS30710
ses-d3609
sub-OAS30711
ses-d0434
sub-OAS30711
ses-d1367
sub-OAS30711
ses-d2521
sub-OAS30711
ses-d2790
sub-OAS30711
ses-d3480
sub-OAS30715
ses-d0060
sub-OAS30715
ses-d0061
sub-OAS30715
ses-d1230
sub-OAS30715
ses-d2444
sub-OAS30722
ses-d0049
sub-OAS30722
ses-d1162
sub-OAS30723
ses-d0042
sub-OAS30723
ses-d1179
sub-OAS30723
ses-d2278
sub-OAS30723
ses-d2568
sub-OAS30725
ses-d0160
sub-OAS30725
ses-d1182
sub-OAS30725
ses-d2453
sub-OAS30725
ses-d2456
sub-OAS30725
ses-d3121
sub-OAS30726
ses-d0061
sub-OAS30726
ses-d0558
sub-OAS30727
ses-d0126
sub-OAS30727
ses-d1208
sub-OAS30729
ses-d3628
sub-OAS30729
ses-d4384
sub-OAS30729
ses-d6253
sub-OAS30729
ses-d7577
sub-OAS30729
ses-d7578
sub-OAS30731
ses-d0044
sub-OAS30731
ses-d1148
sub-OAS30731
ses-d2254
sub-OAS30733
ses-d3393
sub-OAS30733
ses-d4997
sub-OAS30735
ses-d0304
sub-OAS30735
ses-d1119
sub-OAS30735
ses-d2484
sub-OAS30735
ses-d3515
sub-OAS30737
ses-d0035
sub-OAS30737
ses-d1137
sub-OAS30739
ses-d0051
sub-OAS30739
ses-d1394
sub-OAS30742
ses-d1932
sub-OAS30742
ses-d3387
sub-OAS30742
ses-d3401
sub-OAS30742
ses-d3619
sub-OAS30742
ses-d3766
sub-OAS30742
ses-d4551
sub-OAS30742
ses-d5655
sub-OAS30743
ses-d0051
sub-OAS30743
ses-d0645
sub-OAS30743
ses-d2309
sub-OAS30746
ses-d0035
sub-OAS30746
ses-d1204
sub-OAS30746
ses-d1210
sub-OAS30747
ses-d0338
sub-OAS30747
ses-d3140
sub-OAS30748
ses-d0219
sub-OAS30748
ses-d3268
sub-OAS30749
ses-d0046
sub-OAS30749
ses-d1157
sub-OAS30749
ses-d1996
sub-OAS30750
ses-d0376
sub-OAS30750
ses-d0894
sub-OAS30750
ses-d2309
sub-OAS30750
ses-d2350
sub-OAS30750
ses-d3459
sub-OAS30750
ses-d3754
sub-OAS30754
ses-d1341
sub-OAS30754
ses-d2462
sub-OAS30754
ses-d3556
sub-OAS30755
ses-d0063
sub-OAS30755
ses-d1540
sub-OAS30755
ses-d2318
sub-OAS30755
ses-d2442
sub-OAS30755
ses-d3116
sub-OAS30755
ses-d3410
sub-OAS30755
ses-d4360
sub-OAS30756
ses-d0014
sub-OAS30756
ses-d0022
sub-OAS30756
ses-d0409
sub-OAS30756
ses-d1267
sub-OAS30756
ses-d2464
sub-OAS30757
ses-d2279
sub-OAS30757
ses-d2649
sub-OAS30757
ses-d3882
sub-OAS30759
ses-d0063
sub-OAS30759
ses-d1408
sub-OAS30759
ses-d1442
