This job can be monitored from: https://job.c3se.chalmers.se/alvis/5314386
Hardcoded folds 0.
Using device: cuda
Last block has number of input channels: 64
Last block has number of output channels: 16
Warning: No matching T1w image found for sub-OAS30042 in session(s). Skipping.
Warning: No matching T1w image found for sub-OAS30137 in session(s). Skipping.
Warning: No matching T1w image found for sub-OAS30137 in session(s). Skipping.
Warning: No matching T1w image found for sub-OAS30137 in session(s). Skipping.
Warning: No matching T1w image found for sub-OAS30137 in session(s). Skipping.
Warning: No matching T1w image found for sub-OAS30643 in session(s). Skipping.
Warning: No matching T1w image found for sub-OAS30643 in session(s). Skipping.
Warning: No matching T1w image found for sub-OAS30643 in session(s). Skipping.
Warning: No matching T1w image found for sub-OAS30643 in session(s). Skipping.
Warning: No matching T1w image found for sub-OAS30659 in session(s). Skipping.
Warning: No matching T1w image found for sub-OAS30659 in session(s). Skipping.
Warning: No matching T1w image found for sub-OAS30659 in session(s). Skipping.
Loaded 1588 image pairs.
Loaded 1588 rows of metadata.
Loaded 1588 targets.
Warning: No matching T1w image found for sub-OAS30369 in session(s). Skipping.
Warning: No matching T1w image found for sub-OAS30369 in session(s). Skipping.
Warning: No matching T1w image found for sub-OAS30369 in session(s). Skipping.
Warning: No matching T1w image found for sub-OAS30369 in session(s). Skipping.
Warning: No matching T1w image found for sub-OAS30369 in session(s). Skipping.
Warning: No matching T1w image found for sub-OAS30797 in session(s). Skipping.
Warning: No matching T1w image found for sub-OAS30797 in session(s). Skipping.
Warning: No matching T1w image found for sub-OAS30797 in session(s). Skipping.
Loaded 451 image pairs.
Loaded 451 rows of metadata.
Loaded 451 targets.
Traceback (most recent call last):
  File "/mimer/NOBACKUP/groups/brainage/thesis_brainage/scripts/pdd.py", line 242, in <module>
    trained_model, train_losses, train_mae, val_losses, val_mae = train(opt, train_fold, val_fold)
                                                                  ^^^^^^^^^^^^^^^^^^^^^^^^^^^^^^^^
  File "/mimer/NOBACKUP/groups/brainage/thesis_brainage/scripts/pdd.py", line 90, in train
    N = len(dataloader_train.demo)
            ^^^^^^^^^^^^^^^^^^^^^
AttributeError: 'DataLoader' object has no attribute 'demo'
