This job can be monitored from: https://job.c3se.chalmers.se/alvis/4798101
Filename (participants file):  /mimer/NOBACKUP/groups/brainage/thesis_brainage/results/LILAC_final_run/fold_0/val_fold.csv
We are looking at val data.
Model saved at /mimer/NOBACKUP/groups/brainage/thesis_brainage/results/LILAC_final_run/fold_0/model.pt will be applied to participants at /mimer/NOBACKUP/groups/brainage/thesis_brainage/results/LILAC_final_run/fold_0/val_fold.csv.
Last block has number of input channels: 64
Last block has number of output channels: 16
The model is (classic) LILAC.
Warning: No matching T1w image found for sub-OAS30369 in session(s). Skipping.
Warning: No matching T1w image found for sub-OAS30369 in session(s). Skipping.
Warning: No matching T1w image found for sub-OAS30369 in session(s). Skipping.
Warning: No matching T1w image found for sub-OAS30369 in session(s). Skipping.
Warning: No matching T1w image found for sub-OAS30369 in session(s). Skipping.
Warning: No matching T1w image found for sub-OAS30797 in session(s). Skipping.
Warning: No matching T1w image found for sub-OAS30797 in session(s). Skipping.
Warning: No matching T1w image found for sub-OAS30797 in session(s). Skipping.
Loaded 451 image pairs.
Loaded 451 rows of metadata.
Loaded 451 targets.
/mimer/NOBACKUP/groups/brainage/thesis_brainage/my_venv/lib/python3.12/site-packages/torchio/data/image.py:248: UserWarning: Using TorchIO images without a torchio.SubjectsLoader in PyTorch >= 2.3 might have unexpected consequences, e.g., the collated batches will be instances of torchio.Subject with 5D images. Replace your PyTorch DataLoader with a torchio.SubjectsLoader so that the collated batch becomes a dictionary, as expected. See https://github.com/TorchIO-project/torchio/issues/1179 for more context about this issue.
  warnings.warn(message, stacklevel=1)
val Loss (MSE): 1.9872
val MAE: 1.0861
Saved results to CSV to: /mimer/NOBACKUP/groups/brainage/thesis_brainage/results/LILAC_final_run/fold_0/predictions_val.csv.
Filename (participants file):  /mimer/NOBACKUP/groups/brainage/thesis_brainage/results/LILAC_final_run/fold_1/val_fold.csv
We are looking at val data.
Model saved at /mimer/NOBACKUP/groups/brainage/thesis_brainage/results/LILAC_final_run/fold_1/model.pt will be applied to participants at /mimer/NOBACKUP/groups/brainage/thesis_brainage/results/LILAC_final_run/fold_1/val_fold.csv.
Last block has number of input channels: 64
Last block has number of output channels: 16
The model is (classic) LILAC.
Warning: No matching T1w image found for sub-OAS30137 in session(s). Skipping.
Warning: No matching T1w image found for sub-OAS30137 in session(s). Skipping.
Warning: No matching T1w image found for sub-OAS30137 in session(s). Skipping.
Warning: No matching T1w image found for sub-OAS30137 in session(s). Skipping.
Warning: No matching T1w image found for sub-OAS30643 in session(s). Skipping.
Warning: No matching T1w image found for sub-OAS30643 in session(s). Skipping.
Warning: No matching T1w image found for sub-OAS30643 in session(s). Skipping.
Warning: No matching T1w image found for sub-OAS30643 in session(s). Skipping.
Loaded 420 image pairs.
Loaded 420 rows of metadata.
Loaded 420 targets.
/mimer/NOBACKUP/groups/brainage/thesis_brainage/my_venv/lib/python3.12/site-packages/torchio/data/image.py:248: UserWarning: Using TorchIO images without a torchio.SubjectsLoader in PyTorch >= 2.3 might have unexpected consequences, e.g., the collated batches will be instances of torchio.Subject with 5D images. Replace your PyTorch DataLoader with a torchio.SubjectsLoader so that the collated batch becomes a dictionary, as expected. See https://github.com/TorchIO-project/torchio/issues/1179 for more context about this issue.
  warnings.warn(message, stacklevel=1)
val Loss (MSE): 2.2746
val MAE: 1.1537
Saved results to CSV to: /mimer/NOBACKUP/groups/brainage/thesis_brainage/results/LILAC_final_run/fold_1/predictions_val.csv.
Filename (participants file):  /mimer/NOBACKUP/groups/brainage/thesis_brainage/results/LILAC_final_run/fold_1/val_fold.csv
We are looking at val data.
Model saved at /mimer/NOBACKUP/groups/brainage/thesis_brainage/results/LILAC_final_run/fold_1/model.pt will be applied to participants at /mimer/NOBACKUP/groups/brainage/thesis_brainage/results/LILAC_final_run/fold_1/val_fold.csv.
Last block has number of input channels: 64
Last block has number of output channels: 16
The model is (classic) LILAC.
Warning: No matching T1w image found for sub-OAS30137 in session(s). Skipping.
Warning: No matching T1w image found for sub-OAS30137 in session(s). Skipping.
Warning: No matching T1w image found for sub-OAS30137 in session(s). Skipping.
Warning: No matching T1w image found for sub-OAS30137 in session(s). Skipping.
Warning: No matching T1w image found for sub-OAS30643 in session(s). Skipping.
Warning: No matching T1w image found for sub-OAS30643 in session(s). Skipping.
Warning: No matching T1w image found for sub-OAS30643 in session(s). Skipping.
Warning: No matching T1w image found for sub-OAS30643 in session(s). Skipping.
Loaded 420 image pairs.
Loaded 420 rows of metadata.
Loaded 420 targets.
/mimer/NOBACKUP/groups/brainage/thesis_brainage/my_venv/lib/python3.12/site-packages/torchio/data/image.py:248: UserWarning: Using TorchIO images without a torchio.SubjectsLoader in PyTorch >= 2.3 might have unexpected consequences, e.g., the collated batches will be instances of torchio.Subject with 5D images. Replace your PyTorch DataLoader with a torchio.SubjectsLoader so that the collated batch becomes a dictionary, as expected. See https://github.com/TorchIO-project/torchio/issues/1179 for more context about this issue.
  warnings.warn(message, stacklevel=1)
val Loss (MSE): 2.2746
val MAE: 1.1537
Saved results to CSV to: /mimer/NOBACKUP/groups/brainage/thesis_brainage/results/LILAC_final_run/fold_1/predictions_val.csv.
Filename (participants file):  /mimer/NOBACKUP/groups/brainage/thesis_brainage/results/LILAC_final_run/fold_1/val_fold.csv
We are looking at val data.
Model saved at /mimer/NOBACKUP/groups/brainage/thesis_brainage/results/LILAC_final_run/fold_1/model.pt will be applied to participants at /mimer/NOBACKUP/groups/brainage/thesis_brainage/results/LILAC_final_run/fold_1/val_fold.csv.
Last block has number of input channels: 64
Last block has number of output channels: 16
The model is (classic) LILAC.
Warning: No matching T1w image found for sub-OAS30137 in session(s). Skipping.
Warning: No matching T1w image found for sub-OAS30137 in session(s). Skipping.
Warning: No matching T1w image found for sub-OAS30137 in session(s). Skipping.
Warning: No matching T1w image found for sub-OAS30137 in session(s). Skipping.
Warning: No matching T1w image found for sub-OAS30643 in session(s). Skipping.
Warning: No matching T1w image found for sub-OAS30643 in session(s). Skipping.
Warning: No matching T1w image found for sub-OAS30643 in session(s). Skipping.
Warning: No matching T1w image found for sub-OAS30643 in session(s). Skipping.
Loaded 420 image pairs.
Loaded 420 rows of metadata.
Loaded 420 targets.
/mimer/NOBACKUP/groups/brainage/thesis_brainage/my_venv/lib/python3.12/site-packages/torchio/data/image.py:248: UserWarning: Using TorchIO images without a torchio.SubjectsLoader in PyTorch >= 2.3 might have unexpected consequences, e.g., the collated batches will be instances of torchio.Subject with 5D images. Replace your PyTorch DataLoader with a torchio.SubjectsLoader so that the collated batch becomes a dictionary, as expected. See https://github.com/TorchIO-project/torchio/issues/1179 for more context about this issue.
  warnings.warn(message, stacklevel=1)
val Loss (MSE): 2.2746
val MAE: 1.1537
Saved results to CSV to: /mimer/NOBACKUP/groups/brainage/thesis_brainage/results/LILAC_final_run/fold_1/predictions_val.csv.
Filename (participants file):  /mimer/NOBACKUP/groups/brainage/thesis_brainage/results/LILAC_final_run/fold_1/val_fold.csv
We are looking at val data.
Model saved at /mimer/NOBACKUP/groups/brainage/thesis_brainage/results/LILAC_final_run/fold_1/model.pt will be applied to participants at /mimer/NOBACKUP/groups/brainage/thesis_brainage/results/LILAC_final_run/fold_1/val_fold.csv.
Last block has number of input channels: 64
Last block has number of output channels: 16
The model is (classic) LILAC.
Warning: No matching T1w image found for sub-OAS30137 in session(s). Skipping.
Warning: No matching T1w image found for sub-OAS30137 in session(s). Skipping.
Warning: No matching T1w image found for sub-OAS30137 in session(s). Skipping.
Warning: No matching T1w image found for sub-OAS30137 in session(s). Skipping.
Warning: No matching T1w image found for sub-OAS30643 in session(s). Skipping.
Warning: No matching T1w image found for sub-OAS30643 in session(s). Skipping.
Warning: No matching T1w image found for sub-OAS30643 in session(s). Skipping.
Warning: No matching T1w image found for sub-OAS30643 in session(s). Skipping.
Loaded 420 image pairs.
Loaded 420 rows of metadata.
Loaded 420 targets.
/mimer/NOBACKUP/groups/brainage/thesis_brainage/my_venv/lib/python3.12/site-packages/torchio/data/image.py:248: UserWarning: Using TorchIO images without a torchio.SubjectsLoader in PyTorch >= 2.3 might have unexpected consequences, e.g., the collated batches will be instances of torchio.Subject with 5D images. Replace your PyTorch DataLoader with a torchio.SubjectsLoader so that the collated batch becomes a dictionary, as expected. See https://github.com/TorchIO-project/torchio/issues/1179 for more context about this issue.
  warnings.warn(message, stacklevel=1)
val Loss (MSE): 2.2746
val MAE: 1.1537
Saved results to CSV to: /mimer/NOBACKUP/groups/brainage/thesis_brainage/results/LILAC_final_run/fold_1/predictions_val.csv.
