This job can be monitored from: https://job.c3se.chalmers.se/alvis/5379403
Hardcoded folds 0.
Using device: cuda
Last block has number of input channels: 64
Last block has number of output channels: 16
Warning: No matching image tensors found for sub-OAS30042 in session(s). Skipping.
Warning: No matching image tensors found for sub-OAS30137 in session(s). Skipping.
Warning: No matching image tensors found for sub-OAS30137 in session(s). Skipping.
Warning: No matching image tensors found for sub-OAS30137 in session(s). Skipping.
Warning: No matching image tensors found for sub-OAS30137 in session(s). Skipping.
Warning: No matching image tensors found for sub-OAS30643 in session(s). Skipping.
Warning: No matching image tensors found for sub-OAS30643 in session(s). Skipping.
Warning: No matching image tensors found for sub-OAS30643 in session(s). Skipping.
Warning: No matching image tensors found for sub-OAS30643 in session(s). Skipping.
Warning: No matching image tensors found for sub-OAS30659 in session(s). Skipping.
Warning: No matching image tensors found for sub-OAS30659 in session(s). Skipping.
Warning: No matching image tensors found for sub-OAS30659 in session(s). Skipping.
Loaded 1588 image pairs.
Loaded 1588 rows of metadata.
Loaded 1588 targets.
Warning: No matching image tensors found for sub-OAS30369 in session(s). Skipping.
Warning: No matching image tensors found for sub-OAS30369 in session(s). Skipping.
Warning: No matching image tensors found for sub-OAS30369 in session(s). Skipping.
Warning: No matching image tensors found for sub-OAS30369 in session(s). Skipping.
Warning: No matching image tensors found for sub-OAS30369 in session(s). Skipping.
Warning: No matching image tensors found for sub-OAS30797 in session(s). Skipping.
Warning: No matching image tensors found for sub-OAS30797 in session(s). Skipping.
Warning: No matching image tensors found for sub-OAS30797 in session(s). Skipping.
Loaded 451 image pairs.
Loaded 451 rows of metadata.
Loaded 451 targets.
Warning: No matching image tensors found for sub-OAS30042 in session(s). Skipping.
Warning: No matching image tensors found for sub-OAS30137 in session(s). Skipping.
Warning: No matching image tensors found for sub-OAS30137 in session(s). Skipping.
Warning: No matching image tensors found for sub-OAS30137 in session(s). Skipping.
Warning: No matching image tensors found for sub-OAS30137 in session(s). Skipping.
Warning: No matching image tensors found for sub-OAS30643 in session(s). Skipping.
Warning: No matching image tensors found for sub-OAS30643 in session(s). Skipping.
Warning: No matching image tensors found for sub-OAS30643 in session(s). Skipping.
Warning: No matching image tensors found for sub-OAS30643 in session(s). Skipping.
Warning: No matching image tensors found for sub-OAS30659 in session(s). Skipping.
Warning: No matching image tensors found for sub-OAS30659 in session(s). Skipping.
Warning: No matching image tensors found for sub-OAS30659 in session(s). Skipping.
Loaded 1588 image pairs.
Loaded 1588 rows of metadata.
Loaded 1588 targets.
Epoch:  0
Effective Epoch here: 0.69
Total Effective Epochs so far: 0.69
Avg Train Loss/MAE = 10.7311 / 2.1776. Weights were updated.
Avg Val Loss/MAE = 6.0242 / 1.9794
Epoch:  1
Effective Epoch here: 0.58
Total Effective Epochs so far: 1.27
Avg Train Loss/MAE = 5.9041 / 1.4680. Weights were updated.
Avg Val Loss/MAE = 4.9698 / 1.7622
Epoch:  2
Effective Epoch here: 0.56
Total Effective Epochs so far: 1.83
Avg Train Loss/MAE = 5.3876 / 1.3932. Weights were updated.
Avg Val Loss/MAE = 3.4219 / 1.4389
Epoch:  3
Effective Epoch here: 0.51
Total Effective Epochs so far: 2.34
Avg Train Loss/MAE = 4.7920 / 1.2458. Weights were updated.
Avg Val Loss/MAE = 4.4004 / 1.6480
Epoch:  4
Effective Epoch here: 0.53
Total Effective Epochs so far: 2.87
Avg Train Loss/MAE = 4.6409 / 1.2676. Weights were updated.
Avg Val Loss/MAE = 4.2131 / 1.6282
Epoch:  5
Effective Epoch here: 0.47
Total Effective Epochs so far: 3.34
Avg Train Loss/MAE = 4.2845 / 1.1619. Weights were updated.
Avg Val Loss/MAE = 3.0006 / 1.3263
Epoch:  6
Effective Epoch here: 0.45
Total Effective Epochs so far: 3.79
Avg Train Loss/MAE = 4.0124 / 1.0849. Weights were updated.
Avg Val Loss/MAE = 2.7480 / 1.2837
Epoch:  7
Effective Epoch here: 0.44
Total Effective Epochs so far: 4.23
Avg Train Loss/MAE = 3.8065 / 1.0656. Weights were updated.
Avg Val Loss/MAE = 2.8309 / 1.2914
Epoch:  8
Effective Epoch here: 0.41
Total Effective Epochs so far: 4.64
Avg Train Loss/MAE = 3.7584 / 1.0181. Weights were updated.
Avg Val Loss/MAE = 2.8875 / 1.3433
Epoch:  9
Effective Epoch here: 0.40
Total Effective Epochs so far: 5.04
Avg Train Loss/MAE = 3.2257 / 0.9623. Weights were updated.
Avg Val Loss/MAE = 2.3892 / 1.2037
Epoch:  10
Effective Epoch here: 0.39
Total Effective Epochs so far: 5.43
Avg Train Loss/MAE = 3.0626 / 0.9251. Weights were updated.
Avg Val Loss/MAE = 2.8669 / 1.3246
Epoch:  11
Effective Epoch here: 0.37
Total Effective Epochs so far: 5.80
Avg Train Loss/MAE = 3.1489 / 0.9214. Weights were updated.
Avg Val Loss/MAE = 2.1824 / 1.1520
Epoch:  12
Effective Epoch here: 0.36
Total Effective Epochs so far: 6.16
Avg Train Loss/MAE = 3.0113 / 0.8847. Weights were updated.
Avg Val Loss/MAE = 2.4944 / 1.2280
Epoch:  13
Effective Epoch here: 0.35
Total Effective Epochs so far: 6.51
Avg Train Loss/MAE = 2.8117 / 0.8665. Weights were updated.
Avg Val Loss/MAE = 2.2784 / 1.1712
Epoch:  14
Effective Epoch here: 0.33
Total Effective Epochs so far: 6.84
Avg Train Loss/MAE = 2.6949 / 0.8264. Weights were updated.
Avg Val Loss/MAE = 2.0797 / 1.1120
Epoch:  15
Effective Epoch here: 0.32
Total Effective Epochs so far: 7.17
Avg Train Loss/MAE = 2.6287 / 0.8165. Weights were updated.
Avg Val Loss/MAE = 2.1529 / 1.1372
Epoch:  16
Effective Epoch here: 0.31
Total Effective Epochs so far: 7.47
Avg Train Loss/MAE = 2.5966 / 0.8015. Weights were updated.
Avg Val Loss/MAE = 1.9991 / 1.0913
Epoch:  17
Effective Epoch here: 0.29
Total Effective Epochs so far: 7.77
Avg Train Loss/MAE = 2.4860 / 0.7751. Weights were updated.
Avg Val Loss/MAE = 1.9719 / 1.0882
Epoch:  18
Effective Epoch here: 0.28
Total Effective Epochs so far: 8.05
Avg Train Loss/MAE = 2.4068 / 0.7544. Weights were updated.
Avg Val Loss/MAE = 1.9431 / 1.0565
Epoch:  19
Effective Epoch here: 1.00
Total Effective Epochs so far: 9.05
Avg Train Loss/MAE = 0.9608 / 0.7829. Weights were updated.
Avg Val Loss/MAE = 1.9493 / 1.0572
Loss plot saved to: /mimer/NOBACKUP/groups/brainage/thesis_brainage/results/pdd_t1/loss_plot.png
MAE plot saved to: /mimer/NOBACKUP/groups/brainage/thesis_brainage/results/pdd_t1/mae_plot.png
EE plot saved to: /mimer/NOBACKUP/groups/brainage/thesis_brainage/results/pdd_t1/ee_plot.png
