This job can be monitored from: https://job.c3se.chalmers.se/alvis/5379270
Hardcoded folds 0.
Using device: cuda
Last block has number of input channels: 64
Last block has number of output channels: 16
Warning: No matching image tensors found for sub-OAS30042 in session(s). Skipping.
Warning: No matching image tensors found for sub-OAS30137 in session(s). Skipping.
Warning: No matching image tensors found for sub-OAS30137 in session(s). Skipping.
Warning: No matching image tensors found for sub-OAS30137 in session(s). Skipping.
Warning: No matching image tensors found for sub-OAS30137 in session(s). Skipping.
Warning: No matching image tensors found for sub-OAS30643 in session(s). Skipping.
Warning: No matching image tensors found for sub-OAS30643 in session(s). Skipping.
Warning: No matching image tensors found for sub-OAS30643 in session(s). Skipping.
Warning: No matching image tensors found for sub-OAS30643 in session(s). Skipping.
Warning: No matching image tensors found for sub-OAS30659 in session(s). Skipping.
Warning: No matching image tensors found for sub-OAS30659 in session(s). Skipping.
Warning: No matching image tensors found for sub-OAS30659 in session(s). Skipping.
Loaded 1588 image pairs.
Loaded 1588 rows of metadata.
Loaded 1588 targets.
Warning: No matching image tensors found for sub-OAS30369 in session(s). Skipping.
Warning: No matching image tensors found for sub-OAS30369 in session(s). Skipping.
Warning: No matching image tensors found for sub-OAS30369 in session(s). Skipping.
Warning: No matching image tensors found for sub-OAS30369 in session(s). Skipping.
Warning: No matching image tensors found for sub-OAS30369 in session(s). Skipping.
Warning: No matching image tensors found for sub-OAS30797 in session(s). Skipping.
Warning: No matching image tensors found for sub-OAS30797 in session(s). Skipping.
Warning: No matching image tensors found for sub-OAS30797 in session(s). Skipping.
Loaded 451 image pairs.
Loaded 451 rows of metadata.
Loaded 451 targets.
Warning: No matching image tensors found for sub-OAS30042 in session(s). Skipping.
Warning: No matching image tensors found for sub-OAS30137 in session(s). Skipping.
Warning: No matching image tensors found for sub-OAS30137 in session(s). Skipping.
Warning: No matching image tensors found for sub-OAS30137 in session(s). Skipping.
Warning: No matching image tensors found for sub-OAS30137 in session(s). Skipping.
Warning: No matching image tensors found for sub-OAS30643 in session(s). Skipping.
Warning: No matching image tensors found for sub-OAS30643 in session(s). Skipping.
Warning: No matching image tensors found for sub-OAS30643 in session(s). Skipping.
Warning: No matching image tensors found for sub-OAS30643 in session(s). Skipping.
Warning: No matching image tensors found for sub-OAS30659 in session(s). Skipping.
Warning: No matching image tensors found for sub-OAS30659 in session(s). Skipping.
Warning: No matching image tensors found for sub-OAS30659 in session(s). Skipping.
Loaded 1588 image pairs.
Loaded 1588 rows of metadata.
Loaded 1588 targets.
Epoch:  0
Effective Epoch here: 0.77
Total Effective Epochs so far: 0.77
Avg Train Loss/MAE = 7.3563 / 2.0330. Weights were updated.
Avg Val Loss/MAE = 6.2483 / 1.9929
Epoch:  1
Effective Epoch here: 0.70
Total Effective Epochs so far: 1.47
Avg Train Loss/MAE = 3.8452 / 1.5047. Weights were updated.
Avg Val Loss/MAE = 5.2207 / 1.8122
Epoch:  2
Effective Epoch here: 0.68
Total Effective Epochs so far: 2.14
Avg Train Loss/MAE = 3.1911 / 1.4008. Weights were updated.
Avg Val Loss/MAE = 3.8545 / 1.5089
Epoch:  3
Effective Epoch here: 0.67
Total Effective Epochs so far: 2.81
Avg Train Loss/MAE = 3.1991 / 1.3514. Weights were updated.
Avg Val Loss/MAE = 5.2421 / 1.8257
Epoch:  4
Effective Epoch here: 0.67
Total Effective Epochs so far: 3.48
Avg Train Loss/MAE = 3.0862 / 1.3909. Weights were updated.
Avg Val Loss/MAE = 3.7384 / 1.5085
Epoch:  5
Effective Epoch here: 0.63
Total Effective Epochs so far: 4.11
Avg Train Loss/MAE = 2.6452 / 1.2347. Weights were updated.
Avg Val Loss/MAE = 3.6298 / 1.4914
Epoch:  6
Effective Epoch here: 0.60
Total Effective Epochs so far: 4.71
Avg Train Loss/MAE = 2.1593 / 1.1682. Weights were updated.
Avg Val Loss/MAE = 3.3204 / 1.4211
Epoch:  7
Effective Epoch here: 0.59
Total Effective Epochs so far: 5.30
Avg Train Loss/MAE = 2.0212 / 1.1071. Weights were updated.
Avg Val Loss/MAE = 3.2334 / 1.4089
Epoch:  8
Effective Epoch here: 0.59
Total Effective Epochs so far: 5.89
Avg Train Loss/MAE = 2.0404 / 1.1056. Weights were updated.
Avg Val Loss/MAE = 3.5086 / 1.4598
Epoch:  9
Effective Epoch here: 0.58
Total Effective Epochs so far: 6.47
Avg Train Loss/MAE = 2.0148 / 1.0957. Weights were updated.
Avg Val Loss/MAE = 3.3329 / 1.4067
Epoch:  10
Effective Epoch here: 0.58
Total Effective Epochs so far: 7.05
Avg Train Loss/MAE = 1.6957 / 1.0658. Weights were updated.
Avg Val Loss/MAE = 3.3777 / 1.4040
Epoch:  11
Effective Epoch here: 0.56
Total Effective Epochs so far: 7.61
Avg Train Loss/MAE = 1.7064 / 1.0204. Weights were updated.
Avg Val Loss/MAE = 3.1334 / 1.3824
Epoch:  12
Effective Epoch here: 0.58
Total Effective Epochs so far: 8.19
Avg Train Loss/MAE = 1.6535 / 1.0108. Weights were updated.
Avg Val Loss/MAE = 3.0017 / 1.3640
Epoch:  13
Effective Epoch here: 0.56
Total Effective Epochs so far: 8.75
Avg Train Loss/MAE = 1.5441 / 0.9911. Weights were updated.
Avg Val Loss/MAE = 2.8915 / 1.3230
Epoch:  14
Effective Epoch here: 0.54
Total Effective Epochs so far: 9.29
Avg Train Loss/MAE = 1.5118 / 0.9474. Weights were updated.
Avg Val Loss/MAE = 2.6146 / 1.2364
Epoch:  15
Effective Epoch here: 0.56
Total Effective Epochs so far: 9.85
Avg Train Loss/MAE = 1.4680 / 0.9395. Weights were updated.
Avg Val Loss/MAE = 2.8523 / 1.3289
Epoch:  16
Effective Epoch here: 0.56
Total Effective Epochs so far: 10.40
Avg Train Loss/MAE = 1.4045 / 0.9362. Weights were updated.
Avg Val Loss/MAE = 2.7854 / 1.3098
Epoch:  17
Effective Epoch here: 0.53
Total Effective Epochs so far: 10.93
Avg Train Loss/MAE = 1.3836 / 0.9184. Weights were updated.
Avg Val Loss/MAE = 2.6420 / 1.2813
Epoch:  18
Effective Epoch here: 0.52
Total Effective Epochs so far: 11.45
Avg Train Loss/MAE = 1.2686 / 0.8985. Weights were updated.
Avg Val Loss/MAE = 2.4710 / 1.1715
Epoch:  19
Effective Epoch here: 1.00
Total Effective Epochs so far: 12.45
Avg Train Loss/MAE = 1.2325 / 0.8689. Weights were updated.
Avg Val Loss/MAE = 2.4944 / 1.2086
Loss plot saved to: /mimer/NOBACKUP/groups/brainage/thesis_brainage/results/sm07_pdd/loss_plot.png
MAE plot saved to: /mimer/NOBACKUP/groups/brainage/thesis_brainage/results/sm07_pdd/mae_plot.png
EE plot saved to: /mimer/NOBACKUP/groups/brainage/thesis_brainage/results/sm07_pdd/ee_plot.png
